<?xml version="1.0" encoding="UTF-8"?>
<TestRun id="4a27eeec-179a-4c16-86b7-39dc297d8401" name="Seth Webster@SETHWEBSTER-PC 2011-05-26 22:09:35" runUser="SethWebster-PC\Seth Webster" xmlns="http://microsoft.com/schemas/VisualStudio/TeamTest/2010">
  <TestSettings name="Default Test Settings" id="1554b4b4-8dc9-46fa-80c8-3e8f1e904d7c">
    <Deployment runDeploymentRoot="Seth Webster_SETHWEBSTER-PC 2011-05-26 22_09_35">
      <DeploymentItem filename="E:\Users\Seth Webster\Documents\Visual Studio 2010\Projects\git\TweetHarbor\TweetHarbor\bin\TweetHarbor.dll" />
    </Deployment>
    <Execution>
      <TestTypeSpecific />
      <AgentRule name="Execution Agents">
      </AgentRule>
    </Execution>
  </TestSettings>
  <Times creation="2011-05-26T22:09:35.6396294-07:00" queuing="2011-05-26T22:09:39.0028218-07:00" start="2011-05-26T22:09:39.3028390-07:00" finish="2011-05-26T22:09:55.6287728-07:00" />
  <ResultSummary outcome="Error">
    <Counters total="1" executed="1" error="0" failed="0" timeout="0" aborted="1" inconclusive="0" passedButRunAborted="0" notRunnable="0" notExecuted="0" disconnected="0" warning="0" passed="0" completed="0" inProgress="0" pending="0" />
    <RunInfos>
      <RunInfo computerName="SETHWEBSTER-PC" outcome="Error" timestamp="2011-05-26T22:09:55.6277727-07:00">
        <Text>Test host process exited unexpectedly.</Text>
      </RunInfo>
    </RunInfos>
  </ResultSummary>
  <TestDefinitions>
    <UnitTest name="TestNew" storage="e:\users\seth webster\documents\visual studio 2010\projects\git\tweetharbor\tweetharbor.tests\bin\debug\tweetharbor.tests.dll" id="e36e053a-c551-1958-94e7-1f501395cbb8">
      <Execution id="559c64d2-5ea6-4e8b-a629-e8ef43ff124f" />
      <TestMethod codeBase="E:/Users/Seth Webster/Documents/Visual Studio 2010/Projects/git/TweetHarbor/TweetHarbor.Tests/bin/Debug/TweetHarbor.Tests.DLL" adapterTypeName="Microsoft.VisualStudio.TestTools.TestTypes.Unit.UnitTestAdapter, Microsoft.VisualStudio.QualityTools.Tips.UnitTest.Adapter, Version=10.0.0.0, Culture=neutral, PublicKeyToken=b03f5f7f11d50a3a" className="TweetHarbor.Tests.Controllers.NotifyControllerTest, TweetHarbor.Tests, Version=1.0.0.0, Culture=neutral, PublicKeyToken=null" name="TestNew" />
    </UnitTest>
  </TestDefinitions>
  <TestLists>
    <TestList name="Results Not in a List" id="8c84fa94-04c1-424b-9868-57a2d4851a1d" />
    <TestList name="All Loaded Results" id="19431567-8539-422a-85d7-44ee4e166bda" />
  </TestLists>
  <TestEntries>
    <TestEntry testId="e36e053a-c551-1958-94e7-1f501395cbb8" executionId="559c64d2-5ea6-4e8b-a629-e8ef43ff124f" testListId="8c84fa94-04c1-424b-9868-57a2d4851a1d" />
  </TestEntries>
  <Results>
    <UnitTestResult executionId="559c64d2-5ea6-4e8b-a629-e8ef43ff124f" testId="e36e053a-c551-1958-94e7-1f501395cbb8" testName="TestNew" computerName="SETHWEBSTER-PC" duration="00:00:16.0149160" startTime="2011-05-26T22:09:39.6138568-07:00" endTime="2011-05-26T22:09:55.6287728-07:00" testType="13cdc9d9-ddb5-4fa4-a97d-d965ccfc6d4b" outcome="Aborted" testListId="8c84fa94-04c1-424b-9868-57a2d4851a1d" relativeResultsDirectory="559c64d2-5ea6-4e8b-a629-e8ef43ff124f">
    </UnitTestResult>
  </Results>
</TestRun>