<?xml version="1.0" encoding="UTF-8"?>
<TestRun id="722e570c-cab8-438f-943a-a000ea0460b3" name="Seth Webster@SETHWEBSTER-PC 2011-05-26 21:17:19" runUser="SethWebster-PC\Seth Webster" xmlns="http://microsoft.com/schemas/VisualStudio/TeamTest/2010">
  <TestSettings name="Default Test Settings" id="5284e989-8a2e-430f-a2ee-7dbae554bf3a">
    <Deployment runDeploymentRoot="Seth Webster_SETHWEBSTER-PC 2011-05-26 21_17_19">
      <DeploymentItem filename="E:\Users\Seth Webster\Documents\Visual Studio 2010\Projects\git\TweetHarbor\TweetHarbor\bin\TweetHarbor.dll" />
    </Deployment>
    <Execution>
      <TestTypeSpecific />
      <AgentRule name="Execution Agents">
      </AgentRule>
    </Execution>
  </TestSettings>
  <Times creation="2011-05-26T21:17:19.4532498-07:00" queuing="2011-05-26T21:17:21.5103675-07:00" start="2011-05-26T21:17:21.8173851-07:00" finish="2011-05-26T21:18:20.5367436-07:00" />
  <ResultSummary outcome="Error">
    <Counters total="1" error="0" failed="0" timeout="0" aborted="0" inconclusive="0" passedButRunAborted="0" notRunnable="0" notExecuted="0" disconnected="0" warning="0" passed="0" completed="0" inProgress="0" pending="0" />
    <RunInfos>
      <RunInfo computerName="SETHWEBSTER-PC" outcome="Error" timestamp="2011-05-26T21:18:20.5367436-07:00">
        <Text>Test host process exited unexpectedly.</Text>
      </RunInfo>
    </RunInfos>
  </ResultSummary>
  <TestDefinitions>
    <UnitTest name="TestNew" storage="e:\users\seth webster\documents\visual studio 2010\projects\git\tweetharbor\tweetharbor.tests\bin\debug\tweetharbor.tests.dll" id="e36e053a-c551-1958-94e7-1f501395cbb8">
      <Execution id="24b64a51-44b8-4249-bc31-eb5552ffbb11" />
      <TestMethod codeBase="E:/Users/Seth Webster/Documents/Visual Studio 2010/Projects/git/TweetHarbor/TweetHarbor.Tests/bin/Debug/TweetHarbor.Tests.DLL" adapterTypeName="Microsoft.VisualStudio.TestTools.TestTypes.Unit.UnitTestAdapter, Microsoft.VisualStudio.QualityTools.Tips.UnitTest.Adapter, Version=10.0.0.0, Culture=neutral, PublicKeyToken=b03f5f7f11d50a3a" className="TweetHarbor.Tests.Controllers.NotifyControllerTest, TweetHarbor.Tests, Version=1.0.0.0, Culture=neutral, PublicKeyToken=null" name="TestNew" />
    </UnitTest>
  </TestDefinitions>
  <TestLists>
    <TestList name="Results Not in a List" id="8c84fa94-04c1-424b-9868-57a2d4851a1d" />
    <TestList name="All Loaded Results" id="19431567-8539-422a-85d7-44ee4e166bda" />
  </TestLists>
  <TestEntries>
    <TestEntry testId="e36e053a-c551-1958-94e7-1f501395cbb8" executionId="24b64a51-44b8-4249-bc31-eb5552ffbb11" testListId="8c84fa94-04c1-424b-9868-57a2d4851a1d" />
  </TestEntries>
  <Results>
    <UnitTestResult executionId="24b64a51-44b8-4249-bc31-eb5552ffbb11" testId="e36e053a-c551-1958-94e7-1f501395cbb8" testName="TestNew" computerName="SETHWEBSTER-PC" duration="00:00:46.6465287" startTime="2011-05-26T21:17:22.1234026-07:00" testType="13cdc9d9-ddb5-4fa4-a97d-d965ccfc6d4b" outcome="Passed" testListId="8c84fa94-04c1-424b-9868-57a2d4851a1d" relativeResultsDirectory="24b64a51-44b8-4249-bc31-eb5552ffbb11">
    </UnitTestResult>
  </Results>
</TestRun>