<?xml version="1.0" encoding="UTF-8"?>
<TestRun id="d4c835f5-fbdd-47bc-b5b4-09a6220b667a" name="Seth Webster@SETHWEBSTER-PC 2011-05-26 22:13:12" runUser="SethWebster-PC\Seth Webster" xmlns="http://microsoft.com/schemas/VisualStudio/TeamTest/2010">
  <TestSettings name="Default Test Settings" id="8a67d3f8-d041-4d00-b79b-71a34d4c1b48">
    <Deployment runDeploymentRoot="Seth Webster_SETHWEBSTER-PC 2011-05-26 22_13_12">
      <DeploymentItem filename="E:\Users\Seth Webster\Documents\Visual Studio 2010\Projects\git\TweetHarbor\TweetHarbor\bin\TweetHarbor.dll" />
      <DeploymentItem filename="E:\Users\Seth Webster\Documents\Visual Studio 2010\Projects\git\TweetHarbor\packages\Newtonsoft.Json.4.0.2\lib\net40\Newtonsoft.Json.dll" />
    </Deployment>
    <Execution>
      <TestTypeSpecific />
      <AgentRule name="Execution Agents">
      </AgentRule>
    </Execution>
  </TestSettings>
  <Times creation="2011-05-26T22:13:12.2950214-07:00" queuing="2011-05-26T22:13:14.6491561-07:00" start="2011-05-26T22:13:14.9591738-07:00" finish="2011-05-26T22:13:32.8891993-07:00" />
  <ResultSummary outcome="Error">
    <Counters total="1" executed="1" error="0" failed="0" timeout="0" aborted="1" inconclusive="0" passedButRunAborted="0" notRunnable="0" notExecuted="0" disconnected="0" warning="0" passed="0" completed="0" inProgress="0" pending="0" />
    <RunInfos>
      <RunInfo computerName="SETHWEBSTER-PC" outcome="Error" timestamp="2011-05-26T22:13:32.8881993-07:00">
        <Text>Test host process exited unexpectedly.</Text>
      </RunInfo>
    </RunInfos>
  </ResultSummary>
  <TestDefinitions>
    <UnitTest name="TestNew" storage="e:\users\seth webster\documents\visual studio 2010\projects\git\tweetharbor\tweetharbor.tests\bin\debug\tweetharbor.tests.dll" id="e36e053a-c551-1958-94e7-1f501395cbb8">
      <Execution id="ccb1770d-4d9d-46e8-8a65-9065d2663eb6" />
      <TestMethod codeBase="E:/Users/Seth Webster/Documents/Visual Studio 2010/Projects/git/TweetHarbor/TweetHarbor.Tests/bin/Debug/TweetHarbor.Tests.DLL" adapterTypeName="Microsoft.VisualStudio.TestTools.TestTypes.Unit.UnitTestAdapter, Microsoft.VisualStudio.QualityTools.Tips.UnitTest.Adapter, Version=10.0.0.0, Culture=neutral, PublicKeyToken=b03f5f7f11d50a3a" className="TweetHarbor.Tests.Controllers.NotifyControllerTest, TweetHarbor.Tests, Version=1.0.0.0, Culture=neutral, PublicKeyToken=null" name="TestNew" />
    </UnitTest>
  </TestDefinitions>
  <TestLists>
    <TestList name="Results Not in a List" id="8c84fa94-04c1-424b-9868-57a2d4851a1d" />
    <TestList name="All Loaded Results" id="19431567-8539-422a-85d7-44ee4e166bda" />
  </TestLists>
  <TestEntries>
    <TestEntry testId="e36e053a-c551-1958-94e7-1f501395cbb8" executionId="ccb1770d-4d9d-46e8-8a65-9065d2663eb6" testListId="8c84fa94-04c1-424b-9868-57a2d4851a1d" />
  </TestEntries>
  <Results>
    <UnitTestResult executionId="ccb1770d-4d9d-46e8-8a65-9065d2663eb6" testId="e36e053a-c551-1958-94e7-1f501395cbb8" testName="TestNew" computerName="SETHWEBSTER-PC" duration="00:00:17.6210078" startTime="2011-05-26T22:13:15.2681915-07:00" endTime="2011-05-26T22:13:32.8891993-07:00" testType="13cdc9d9-ddb5-4fa4-a97d-d965ccfc6d4b" outcome="Aborted" testListId="8c84fa94-04c1-424b-9868-57a2d4851a1d" relativeResultsDirectory="ccb1770d-4d9d-46e8-8a65-9065d2663eb6">
    </UnitTestResult>
  </Results>
</TestRun>